TN:
SF:script/Counter.s.sol
FN:7,CounterScript.setUp
FNDA:0,CounterScript.setUp
FN:9,CounterScript.run
FNDA:0,CounterScript.run
DA:10,0
FNF:2
FNH:0
LF:1
LH:0
BRF:0
BRH:0
end_of_record
TN:
SF:src/Counter.sol
FN:7,Counter.setNumber
FNDA:259,Counter.setNumber
DA:8,259
FN:11,Counter.incrementFor
FNDA:1,Counter.incrementFor
DA:12,1
DA:13,10
DA:14,10
BRDA:14,0,0,-
BRDA:14,0,1,10
DA:15,0
FN:20,Counter.incrementDoWhile
FNDA:1,Counter.incrementDoWhile
DA:21,1
DA:27,10
BRDA:24,1,0,-
BRDA:24,1,1,10
FNF:3
FNH:3
LF:7
LH:6
BRF:4
BRH:2
end_of_record
